<?xml version="1.0" encoding="UTF-8" ?>
<testsuite tests="3" failures="0" name="customer.steell1.handlers.CatalogServiceHandlerTest" time="0.049" errors="0" skipped="0">
  <properties>
    <property name="java.runtime.name" value="OpenJDK Runtime Environment"/>
    <property name="java.vm.version" value="11.0.6.0.1+10-LTS-sapmachine"/>
    <property name="sun.boot.library.path" value="/usr/lib/sapmachine-jdk/sapmachine-jdk-11.0.6.0.1/lib"/>
    <property name="maven.multiModuleProjectDirectory" value="/home/user/projects/steell1"/>
    <property name="java.vm.vendor" value="SAP SE"/>
    <property name="java.vendor.url" value="https://sapmachine.io/"/>
    <property name="guice.disable.misplaced.annotation.check" value="true"/>
    <property name="path.separator" value=":"/>
    <property name="java.vm.name" value="OpenJDK 64-Bit Server VM"/>
    <property name="sun.os.patch.level" value="unknown"/>
    <property name="user.country" value="US"/>
    <property name="sun.java.launcher" value="SUN_STANDARD"/>
    <property name="java.vm.specification.name" value="Java Virtual Machine Specification"/>
    <property name="user.dir" value="/home/user/projects/steell1"/>
    <property name="java.vm.compressedOopsMode" value="Zero based"/>
    <property name="java.runtime.version" value="11.0.6.0.1+10-LTS-sapmachine"/>
    <property name="java.awt.graphicsenv" value="sun.awt.X11GraphicsEnvironment"/>
    <property name="os.arch" value="amd64"/>
    <property name="java.io.tmpdir" value="/tmp"/>
    <property name="line.separator" value="
"/>
    <property name="java.vm.specification.vendor" value="Oracle Corporation"/>
    <property name="os.name" value="Linux"/>
    <property name="classworlds.conf" value="/usr/lib/maven/bin/m2.conf"/>
    <property name="sun.jnu.encoding" value="ANSI_X3.4-1968"/>
    <property name="java.library.path" value="/usr/java/packages/lib:/usr/lib64:/lib64:/lib:/usr/lib"/>
    <property name="maven.conf" value="/usr/lib/maven/conf"/>
    <property name="jdk.debug" value="release"/>
    <property name="java.class.version" value="55.0"/>
    <property name="java.specification.name" value="Java Platform API Specification"/>
    <property name="sun.management.compiler" value="HotSpot 64-Bit Tiered Compilers"/>
    <property name="os.version" value="5.4.0-4-cloud-amd64"/>
    <property name="library.jansi.path" value="/usr/lib/maven/lib/jansi-native"/>
    <property name="user.home" value="/home/user"/>
    <property name="user.timezone" value="Etc/UTC"/>
    <property name="java.awt.printerjob" value="sun.print.PSPrinterJob"/>
    <property name="file.encoding" value="ANSI_X3.4-1968"/>
    <property name="java.specification.version" value="11"/>
    <property name="user.name" value="user"/>
    <property name="java.class.path" value="/usr/lib/maven/boot/plexus-classworlds-2.6.0.jar"/>
    <property name="java.vm.specification.version" value="11"/>
    <property name="sun.arch.data.model" value="64"/>
    <property name="sun.java.command" value="org.codehaus.plexus.classworlds.launcher.Launcher clean install"/>
    <property name="java.home" value="/usr/lib/sapmachine-jdk/sapmachine-jdk-11.0.6.0.1"/>
    <property name="user.language" value="en"/>
    <property name="java.specification.vendor" value="Oracle Corporation"/>
    <property name="awt.toolkit" value="sun.awt.X11.XToolkit"/>
    <property name="java.vm.info" value="mixed mode"/>
    <property name="java.version" value="11.0.6.0.1"/>
    <property name="securerandom.source" value="file:/dev/./urandom"/>
    <property name="java.vendor" value="SAP SE"/>
    <property name="maven.home" value="/usr/lib/maven"/>
    <property name="file.separator" value="/"/>
    <property name="java.version.date" value="2020-02-12"/>
    <property name="java.vendor.url.bug" value="https://github.com/SAP/SapMachine/issues/new"/>
    <property name="sun.io.unicode.encoding" value="UnicodeLittle"/>
    <property name="sun.cpu.endian" value="little"/>
    <property name="sun.cpu.isalist" value=""/>
  </properties>
  <testcase classname="customer.steell1.handlers.CatalogServiceHandlerTest" name="testNoDiscount" time="0.049"/>
  <testcase classname="customer.steell1.handlers.CatalogServiceHandlerTest" name="testDiscount" time="0"/>
  <testcase classname="customer.steell1.handlers.CatalogServiceHandlerTest" name="testNoStockAvailable" time="0"/>
</testsuite>